* Verifying dashboard health ...
* Launching proxy ...
* Verifying proxy health ...
* Opening http://127.0.0.1:33507/api/v1/namespaces/kubernetes-dashboard/services/http:kubernetes-dashboard:/proxy/ in your default browser...
  http://127.0.0.1:33507/api/v1/namespaces/kubernetes-dashboard/services/http:kubernetes-dashboard:/proxy/
â—  Executing "docker container inspect minikube --format={{.State.Status}}" took an unusually long time: 5.463154804s
ðŸ’¡  Restarting the docker service may improve performance.
ðŸ¤”  Verifying dashboard health ...
ðŸš€  Launching proxy ...
ðŸ¤”  Verifying proxy health ...
ðŸŽ‰  Opening http://127.0.0.1:44801/api/v1/namespaces/kubernetes-dashboard/services/http:kubernetes-dashboard:/proxy/ in your default browser...
ðŸ‘‰  http://127.0.0.1:44801/api/v1/namespaces/kubernetes-dashboard/services/http:kubernetes-dashboard:/proxy/
error: unknown command "service" for "kubectl"
error: unknown command "service" for "kubectl"
http://127.0.0.1:39199
â—  Because you are using a Docker driver on linux, the terminal needs to be open to run it.
* Verifying dashboard health ...
* Launching proxy ...
* Verifying proxy health ...
* Opening http://127.0.0.1:40495/api/v1/namespaces/kubernetes-dashboard/services/http:kubernetes-dashboard:/proxy/ in your default browser...
  http://127.0.0.1:40495/api/v1/namespaces/kubernetes-dashboard/services/http:kubernetes-dashboard:/proxy/
http://127.0.0.1:36781
â—  Because you are using a Docker driver on linux, the terminal needs to be open to run it.
http://127.0.0.1:38643
â—  Because you are using a Docker driver on linux, the terminal needs to be open to run it.
ðŸ¤”  Verifying dashboard health ...
ðŸš€  Launching proxy ...
ðŸ¤”  Verifying proxy health ...
ðŸŽ‰  Opening http://127.0.0.1:34557/api/v1/namespaces/kubernetes-dashboard/services/http:kubernetes-dashboard:/proxy/ in your default browser...
ðŸ‘‰  http://127.0.0.1:34557/api/v1/namespaces/kubernetes-dashboard/services/http:kubernetes-dashboard:/proxy/
ðŸ¤”  Verifying dashboard health ...
ðŸš€  Launching proxy ...
ðŸ¤”  Verifying proxy health ...
ðŸŽ‰  Opening http://127.0.0.1:40761/api/v1/namespaces/kubernetes-dashboard/services/http:kubernetes-dashboard:/proxy/ in your default browser...
ðŸ‘‰  http://127.0.0.1:40761/api/v1/namespaces/kubernetes-dashboard/services/http:kubernetes-dashboard:/proxy/
ðŸ”Œ  Enabling dashboard ...
    â–ª Using image docker.io/kubernetesui/dashboard:v2.7.0
    â–ª Using image docker.io/kubernetesui/metrics-scraper:v1.0.8
ðŸ’¡  Some dashboard features require the metrics-server addon. To enable all features please run:

	minikube addons enable metrics-server

ðŸ¤”  Verifying dashboard health ...
ðŸš€  Launching proxy ...
ðŸ¤”  Verifying proxy health ...
ðŸŽ‰  Opening http://127.0.0.1:43527/api/v1/namespaces/kubernetes-dashboard/services/http:kubernetes-dashboard:/proxy/ in your default browser...
ðŸ‘‰  http://127.0.0.1:43527/api/v1/namespaces/kubernetes-dashboard/services/http:kubernetes-dashboard:/proxy/
ðŸ”Œ  Enabling dashboard ...
    â–ª Using image docker.io/kubernetesui/dashboard:v2.7.0
    â–ª Using image docker.io/kubernetesui/metrics-scraper:v1.0.8
ðŸ’¡  Some dashboard features require the metrics-server addon. To enable all features please run:

	minikube addons enable metrics-server

ðŸ¤”  Verifying dashboard health ...
ðŸš€  Launching proxy ...
ðŸ¤”  Verifying proxy health ...
ðŸŽ‰  Opening http://127.0.0.1:43915/api/v1/namespaces/kubernetes-dashboard/services/http:kubernetes-dashboard:/proxy/ in your default browser...
ðŸ‘‰  http://127.0.0.1:43915/api/v1/namespaces/kubernetes-dashboard/services/http:kubernetes-dashboard:/proxy/
ðŸ¤”  Verifying dashboard health ...
ðŸš€  Launching proxy ...
ðŸ¤”  Verifying proxy health ...
ðŸŽ‰  Opening http://127.0.0.1:39303/api/v1/namespaces/kubernetes-dashboard/services/http:kubernetes-dashboard:/proxy/ in your default browser...
ðŸ‘‰  http://127.0.0.1:39303/api/v1/namespaces/kubernetes-dashboard/services/http:kubernetes-dashboard:/proxy/
Forwarding from 127.0.0.1:8081 -> 8080
Forwarding from [::1]:8081 -> 8080
Handling connection for 8081
Handling connection for 8081
Handling connection for 8081
Handling connection for 8081
Handling connection for 8081
Handling connection for 8081
Handling connection for 8081
Handling connection for 8081
Handling connection for 8081
Handling connection for 8081
Handling connection for 8081
Handling connection for 8081
Handling connection for 8081
Handling connection for 8081
Handling connection for 8081
Handling connection for 8081
Handling connection for 8081
Handling connection for 8081
Handling connection for 8081
Handling connection for 8081
Handling connection for 8081
Handling connection for 8081
Handling connection for 8081
Handling connection for 8081
Handling connection for 8081
Handling connection for 8081
Handling connection for 8081
Handling connection for 8081
Handling connection for 8081
Handling connection for 8081
Handling connection for 8081
Handling connection for 8081
Handling connection for 8081
Handling connection for 8081
Handling connection for 8081
Handling connection for 8081
Handling connection for 8081
Handling connection for 8081
Handling connection for 8081
Handling connection for 8081
Handling connection for 8081
Handling connection for 8081
Handling connection for 8081
Handling connection for 8081
Handling connection for 8081
Handling connection for 8081
Handling connection for 8081
Handling connection for 8081
Handling connection for 8081
Handling connection for 8081
Handling connection for 8081
Handling connection for 8081
Handling connection for 8081
Handling connection for 8081
Handling connection for 8081
Handling connection for 8081
Handling connection for 8081
Handling connection for 8081
Handling connection for 8081
Handling connection for 8081
Handling connection for 8081
Handling connection for 8081
Handling connection for 8081
Handling connection for 8081
Handling connection for 8081
Handling connection for 8081
Handling connection for 8081
Handling connection for 8081
Handling connection for 8081
Handling connection for 8081
Handling connection for 8081
Handling connection for 8081
Handling connection for 8081
Handling connection for 8081
Handling connection for 8081
Handling connection for 8081
Handling connection for 8081
Handling connection for 8081
Handling connection for 8081
Handling connection for 8081
Handling connection for 8081
Handling connection for 8081
Handling connection for 8081
Handling connection for 8081
Handling connection for 8081
Handling connection for 8081
Handling connection for 8081
Handling connection for 8081
Handling connection for 8081
Handling connection for 8081
Handling connection for 8081
Handling connection for 8081
Handling connection for 8081
Handling connection for 8081
Handling connection for 8081
Handling connection for 8081
Handling connection for 8081
Handling connection for 8081
Handling connection for 8081
Handling connection for 8081
Handling connection for 8081
Handling connection for 8081
Handling connection for 8081
Handling connection for 8081
Handling connection for 8081
Handling connection for 8081
Handling connection for 8081
Handling connection for 8081
Handling connection for 8081
Handling connection for 8081
Handling connection for 8081
Handling connection for 8081
Handling connection for 8081
Handling connection for 8081
Handling connection for 8081
Handling connection for 8081
Handling connection for 8081
Handling connection for 8081
Handling connection for 8081
Handling connection for 8081
Handling connection for 8081
Handling connection for 8081
Handling connection for 8081
Handling connection for 8081
Handling connection for 8081
Handling connection for 8081
Handling connection for 8081
Handling connection for 8081
Handling connection for 8081
Handling connection for 8081
Handling connection for 8081
Handling connection for 8081
Handling connection for 8081
Handling connection for 8081
Handling connection for 8081
Handling connection for 8081
Handling connection for 8081
Handling connection for 8081
Handling connection for 8081
Handling connection for 8081
Handling connection for 8081
Handling connection for 8081
Handling connection for 8081
Handling connection for 8081
Handling connection for 8081
Handling connection for 8081
Handling connection for 8081
Handling connection for 8081
Handling connection for 8081
Handling connection for 8081
Handling connection for 8081
Handling connection for 8081
Handling connection for 8081
Handling connection for 8081
Handling connection for 8081
Handling connection for 8081
Handling connection for 8081
Handling connection for 8081
Handling connection for 8081
Handling connection for 8081
Handling connection for 8081
Handling connection for 8081
Handling connection for 8081
Handling connection for 8081
Handling connection for 8081
Handling connection for 8081
Handling connection for 8081
Handling connection for 8081
Handling connection for 8081
Handling connection for 8081
Handling connection for 8081
Handling connection for 8081
Handling connection for 8081
Handling connection for 8081
Handling connection for 8081
Handling connection for 8081
Handling connection for 8081
Handling connection for 8081
Handling connection for 8081
Handling connection for 8081
Handling connection for 8081
Handling connection for 8081
Handling connection for 8081
Handling connection for 8081
Handling connection for 8081
Handling connection for 8081
Handling connection for 8081
Handling connection for 8081
Handling connection for 8081
Handling connection for 8081
Handling connection for 8081
Handling connection for 8081
Handling connection for 8081
Handling connection for 8081
Handling connection for 8081
Handling connection for 8081
Handling connection for 8081
Handling connection for 8081
Handling connection for 8081
Handling connection for 8081
Handling connection for 8081
Handling connection for 8081
Handling connection for 8081
Handling connection for 8081
Handling connection for 8081
Handling connection for 8081
Handling connection for 8081
Handling connection for 8081
Handling connection for 8081
Handling connection for 8081
Handling connection for 8081
Handling connection for 8081
Handling connection for 8081
Handling connection for 8081
Handling connection for 8081
Handling connection for 8081
Handling connection for 8081
Handling connection for 8081
Handling connection for 8081
Handling connection for 8081
Handling connection for 8081
Handling connection for 8081
Handling connection for 8081
Handling connection for 8081
Handling connection for 8081
Handling connection for 8081
Handling connection for 8081
Handling connection for 8081
Handling connection for 8081
Handling connection for 8081
Handling connection for 8081
Handling connection for 8081
Handling connection for 8081
Handling connection for 8081
Handling connection for 8081
Handling connection for 8081
Handling connection for 8081
Handling connection for 8081
Handling connection for 8081
Handling connection for 8081
Handling connection for 8081
Handling connection for 8081
Handling connection for 8081
Handling connection for 8081
Handling connection for 8081
Handling connection for 8081
Handling connection for 8081
Handling connection for 8081
Handling connection for 8081
Handling connection for 8081
Handling connection for 8081
Handling connection for 8081
Handling connection for 8081
Handling connection for 8081
Handling connection for 8081
Handling connection for 8081
Handling connection for 8081
Handling connection for 8081
Handling connection for 8081
Handling connection for 8081
Handling connection for 8081
Handling connection for 8081
E0202 20:00:12.397122    3449 portforward.go:413] "Unhandled Error" err="an error occurred forwarding 8081 -> 8080: error forwarding port 8080 to pod 32e8c6c16af0c82d620be1d54befef9bb7c2f6db34f438c95a5f35c25e834729, uid : container not running (32e8c6c16af0c82d620be1d54befef9bb7c2f6db34f438c95a5f35c25e834729)"
error: lost connection to pod
Forwarding from 127.0.0.1:8081 -> 8080
Forwarding from [::1]:8081 -> 8080
Handling connection for 8081
Handling connection for 8081
Handling connection for 8081
Handling connection for 8081
Handling connection for 8081
Handling connection for 8081
Handling connection for 8081
Handling connection for 8081
Handling connection for 8081
Handling connection for 8081
Handling connection for 8081
Handling connection for 8081
Handling connection for 8081
Handling connection for 8081
Handling connection for 8081
Handling connection for 8081
Handling connection for 8081
Handling connection for 8081
Handling connection for 8081
Handling connection for 8081
Handling connection for 8081
Handling connection for 8081
Handling connection for 8081
Handling connection for 8081
Handling connection for 8081
Handling connection for 8081
Handling connection for 8081
Handling connection for 8081
Handling connection for 8081
Handling connection for 8081
Handling connection for 8081
Handling connection for 8081
Handling connection for 8081
Handling connection for 8081
Handling connection for 8081
Handling connection for 8081
Handling connection for 8081
Handling connection for 8081
Handling connection for 8081
Handling connection for 8081
Handling connection for 8081
Handling connection for 8081
Handling connection for 8081
Handling connection for 8081
Handling connection for 8081
Handling connection for 8081
Handling connection for 8081
Handling connection for 8081
Handling connection for 8081
Handling connection for 8081
Handling connection for 8081
Handling connection for 8081
Handling connection for 8081
Handling connection for 8081
Handling connection for 8081
Handling connection for 8081
Handling connection for 8081
Handling connection for 8081
Handling connection for 8081
Handling connection for 8081
Handling connection for 8081
Handling connection for 8081
Handling connection for 8081
Handling connection for 8081
Handling connection for 8081
Handling connection for 8081
Handling connection for 8081
Handling connection for 8081
Handling connection for 8081
Handling connection for 8081
Handling connection for 8081
Handling connection for 8081
Handling connection for 8081
Handling connection for 8081
Handling connection for 8081
Handling connection for 8081
Handling connection for 8081
Handling connection for 8081
Handling connection for 8081
Handling connection for 8081
Handling connection for 8081
Handling connection for 8081
Handling connection for 8081
Handling connection for 8081
Handling connection for 8081
Handling connection for 8081
Handling connection for 8081
Handling connection for 8081
Handling connection for 8081
Handling connection for 8081
Handling connection for 8081
Handling connection for 8081
Handling connection for 8081
Handling connection for 8081
Handling connection for 8081
Handling connection for 8081
Handling connection for 8081
Handling connection for 8081
Handling connection for 8081
Handling connection for 8081
Handling connection for 8081
Handling connection for 8081
Handling connection for 8081
Handling connection for 8081
Handling connection for 8081
Handling connection for 8081
Handling connection for 8081
Handling connection for 8081
Handling connection for 8081
Handling connection for 8081
Handling connection for 8081
Handling connection for 8081
Handling connection for 8081
Handling connection for 8081
Handling connection for 8081
Handling connection for 8081
Handling connection for 8081
Handling connection for 8081
Handling connection for 8081
Handling connection for 8081
Handling connection for 8081
Handling connection for 8081
Handling connection for 8081
Handling connection for 8081
Handling connection for 8081
Handling connection for 8081
Handling connection for 8081
Handling connection for 8081
Handling connection for 8081
Handling connection for 8081
Handling connection for 8081
Handling connection for 8081
Handling connection for 8081
Handling connection for 8081
Handling connection for 8081
Handling connection for 8081
Handling connection for 8081
Handling connection for 8081
Handling connection for 8081
Handling connection for 8081
Handling connection for 8081
Handling connection for 8081
Handling connection for 8081
Handling connection for 8081
Handling connection for 8081
Handling connection for 8081
Handling connection for 8081
Handling connection for 8081
Handling connection for 8081
Handling connection for 8081
Handling connection for 8081
Handling connection for 8081
Handling connection for 8081
Handling connection for 8081
Handling connection for 8081
Handling connection for 8081
Handling connection for 8081
Handling connection for 8081
Handling connection for 8081
Handling connection for 8081
Handling connection for 8081
Handling connection for 8081
Handling connection for 8081
Handling connection for 8081
Handling connection for 8081
Handling connection for 8081
Handling connection for 8081
Handling connection for 8081
Handling connection for 8081
Handling connection for 8081
Handling connection for 8081
Handling connection for 8081
Handling connection for 8081
Handling connection for 8081
Handling connection for 8081
Handling connection for 8081
Handling connection for 8081
Handling connection for 8081
Handling connection for 8081
Handling connection for 8081
Handling connection for 8081
Handling connection for 8081
Handling connection for 8081
Handling connection for 8081
Handling connection for 8081
Handling connection for 8081
Handling connection for 8081
Handling connection for 8081
Handling connection for 8081
Handling connection for 8081
Handling connection for 8081
Handling connection for 8081
Handling connection for 8081
Handling connection for 8081
Handling connection for 8081
Handling connection for 8081
Handling connection for 8081
Handling connection for 8081
Handling connection for 8081
Handling connection for 8081
Handling connection for 8081
Handling connection for 8081
Handling connection for 8081
Handling connection for 8081
Handling connection for 8081
Handling connection for 8081
Handling connection for 8081
Handling connection for 8081
Handling connection for 8081
Handling connection for 8081
Handling connection for 8081
Handling connection for 8081
Handling connection for 8081
Handling connection for 8081
Handling connection for 8081
Handling connection for 8081
Handling connection for 8081
Handling connection for 8081
Handling connection for 8081
Handling connection for 8081
Handling connection for 8081
Handling connection for 8081
Handling connection for 8081
Handling connection for 8081
Handling connection for 8081
Handling connection for 8081
Handling connection for 8081
Handling connection for 8081
Handling connection for 8081
Handling connection for 8081
Handling connection for 8081
Handling connection for 8081
Handling connection for 8081
Handling connection for 8081
Handling connection for 8081
Handling connection for 8081
Handling connection for 8081
Handling connection for 8081
Handling connection for 8081
Handling connection for 8081
Handling connection for 8081
Handling connection for 8081
Handling connection for 8081
Handling connection for 8081
Handling connection for 8081
Handling connection for 8081
Handling connection for 8081
Handling connection for 8081
Handling connection for 8081
Handling connection for 8081
Handling connection for 8081
Handling connection for 8081
Handling connection for 8081
Handling connection for 8081
Handling connection for 8081
Handling connection for 8081
Handling connection for 8081
Handling connection for 8081
Handling connection for 8081
Handling connection for 8081
Handling connection for 8081
Handling connection for 8081
Handling connection for 8081
Handling connection for 8081
Handling connection for 8081
Handling connection for 8081
Handling connection for 8081
Handling connection for 8081
Handling connection for 8081
Handling connection for 8081
Handling connection for 8081
Handling connection for 8081
Handling connection for 8081
Handling connection for 8081
Handling connection for 8081
Handling connection for 8081
Handling connection for 8081
Handling connection for 8081
Handling connection for 8081
Handling connection for 8081
Handling connection for 8081
Handling connection for 8081
Handling connection for 8081
Handling connection for 8081
Handling connection for 8081
Handling connection for 8081
Handling connection for 8081
Handling connection for 8081
Handling connection for 8081
Handling connection for 8081
Handling connection for 8081
Handling connection for 8081
Handling connection for 8081
Handling connection for 8081
Handling connection for 8081
Handling connection for 8081
Handling connection for 8081
Handling connection for 8081
Handling connection for 8081
Handling connection for 8081
Handling connection for 8081
Handling connection for 8081
Handling connection for 8081
Handling connection for 8081
Handling connection for 8081
Handling connection for 8081
Handling connection for 8081
Handling connection for 8081
Handling connection for 8081
Handling connection for 8081
Handling connection for 8081
Handling connection for 8081
Handling connection for 8081
Handling connection for 8081
Handling connection for 8081
Handling connection for 8081
Handling connection for 8081
Handling connection for 8081
Handling connection for 8081
Handling connection for 8081
Handling connection for 8081
Handling connection for 8081
Handling connection for 8081
Handling connection for 8081
Handling connection for 8081
Handling connection for 8081
Handling connection for 8081
Handling connection for 8081
Handling connection for 8081
Handling connection for 8081
Handling connection for 8081
Handling connection for 8081
Handling connection for 8081
Handling connection for 8081
Handling connection for 8081
E0202 20:35:11.549825    4433 portforward.go:385] "Unhandled Error" err="error copying from remote stream to local connection: readfrom tcp4 127.0.0.1:8081->127.0.0.1:46924: write tcp4 127.0.0.1:8081->127.0.0.1:46924: write: broken pipe"
Handling connection for 8081
Handling connection for 8081
Handling connection for 8081
Handling connection for 8081
Handling connection for 8081
Handling connection for 8081
Handling connection for 8081
Handling connection for 8081
Handling connection for 8081
Handling connection for 8081
Handling connection for 8081
Handling connection for 8081
Handling connection for 8081
Handling connection for 8081
Handling connection for 8081
Handling connection for 8081
Handling connection for 8081
Handling connection for 8081
Handling connection for 8081
Handling connection for 8081
Handling connection for 8081
Handling connection for 8081
Handling connection for 8081
Handling connection for 8081
Handling connection for 8081
Handling connection for 8081
Handling connection for 8081
Handling connection for 8081
Handling connection for 8081
Handling connection for 8081
Handling connection for 8081
Handling connection for 8081
Handling connection for 8081
Handling connection for 8081
Handling connection for 8081
Handling connection for 8081
Handling connection for 8081
Handling connection for 8081
Handling connection for 8081
Handling connection for 8081
Handling connection for 8081
Handling connection for 8081
Handling connection for 8081
Handling connection for 8081
Handling connection for 8081
Handling connection for 8081
Handling connection for 8081
Handling connection for 8081
Handling connection for 8081
Handling connection for 8081
Handling connection for 8081
Handling connection for 8081
Handling connection for 8081
Handling connection for 8081
Handling connection for 8081
Handling connection for 8081
Handling connection for 8081
Handling connection for 8081
Handling connection for 8081
Handling connection for 8081
Handling connection for 8081
Handling connection for 8081
Handling connection for 8081
Handling connection for 8081
Handling connection for 8081
Handling connection for 8081
Handling connection for 8081
Handling connection for 8081
Handling connection for 8081
Handling connection for 8081
Handling connection for 8081
Handling connection for 8081
Handling connection for 8081
Handling connection for 8081
Handling connection for 8081
Handling connection for 8081
Handling connection for 8081
Handling connection for 8081
Handling connection for 8081
Handling connection for 8081
Handling connection for 8081
Handling connection for 8081
Handling connection for 8081
Handling connection for 8081
E0202 20:39:24.325508    4433 portforward.go:385] "Unhandled Error" err="error copying from remote stream to local connection: readfrom tcp4 127.0.0.1:8081->127.0.0.1:43290: write tcp4 127.0.0.1:8081->127.0.0.1:43290: write: broken pipe"
Handling connection for 8081
Handling connection for 8081
Handling connection for 8081
Handling connection for 8081
Handling connection for 8081
Handling connection for 8081
Handling connection for 8081
Handling connection for 8081
Handling connection for 8081
Handling connection for 8081
Handling connection for 8081
Handling connection for 8081
Handling connection for 8081
Handling connection for 8081
Handling connection for 8081
Handling connection for 8081
Handling connection for 8081
Handling connection for 8081
Handling connection for 8081
Handling connection for 8081
Handling connection for 8081
Handling connection for 8081
Handling connection for 8081
Handling connection for 8081
Handling connection for 8081
Handling connection for 8081
Handling connection for 8081
Handling connection for 8081
Handling connection for 8081
Handling connection for 8081
Handling connection for 8081
Handling connection for 8081
Handling connection for 8081
Handling connection for 8081
Handling connection for 8081
Handling connection for 8081
Handling connection for 8081
Handling connection for 8081
Handling connection for 8081
Handling connection for 8081
Handling connection for 8081
Handling connection for 8081
Handling connection for 8081
Handling connection for 8081
Handling connection for 8081
Handling connection for 8081
Handling connection for 8081
Handling connection for 8081
Handling connection for 8081
Handling connection for 8081
Handling connection for 8081
Handling connection for 8081
Handling connection for 8081
Handling connection for 8081
Handling connection for 8081
Handling connection for 8081
Handling connection for 8081
Handling connection for 8081
Handling connection for 8081
Handling connection for 8081
Handling connection for 8081
Handling connection for 8081
Handling connection for 8081
Handling connection for 8081
Handling connection for 8081
Handling connection for 8081
Handling connection for 8081
Handling connection for 8081
Handling connection for 8081
Handling connection for 8081
Handling connection for 8081
Handling connection for 8081
Handling connection for 8081
Handling connection for 8081
Handling connection for 8081
Handling connection for 8081
Handling connection for 8081
Handling connection for 8081
Handling connection for 8081
Handling connection for 8081
Handling connection for 8081
Handling connection for 8081
Handling connection for 8081
Handling connection for 8081
Handling connection for 8081
Handling connection for 8081
Handling connection for 8081
Handling connection for 8081
Handling connection for 8081
Handling connection for 8081
Handling connection for 8081
Handling connection for 8081
Handling connection for 8081
Handling connection for 8081
Handling connection for 8081
Handling connection for 8081
Handling connection for 8081
Handling connection for 8081
Handling connection for 8081
Handling connection for 8081
Handling connection for 8081
Handling connection for 8081
Handling connection for 8081
Handling connection for 8081
Handling connection for 8081
Handling connection for 8081
Handling connection for 8081
Handling connection for 8081
Handling connection for 8081
Handling connection for 8081
Handling connection for 8081
Handling connection for 8081
Handling connection for 8081
Handling connection for 8081
Handling connection for 8081
Handling connection for 8081
Handling connection for 8081
Handling connection for 8081
Handling connection for 8081
Handling connection for 8081
Handling connection for 8081
Handling connection for 8081
Handling connection for 8081
Handling connection for 8081
Handling connection for 8081
Handling connection for 8081
Handling connection for 8081
Handling connection for 8081
Handling connection for 8081
Handling connection for 8081
Handling connection for 8081
Handling connection for 8081
Handling connection for 8081
Handling connection for 8081
Handling connection for 8081
E0202 20:51:30.522115    4433 portforward.go:385] "Unhandled Error" err="error copying from remote stream to local connection: readfrom tcp4 127.0.0.1:8081->127.0.0.1:44802: write tcp4 127.0.0.1:8081->127.0.0.1:44802: write: broken pipe"
Handling connection for 8081
Handling connection for 8081
Handling connection for 8081
Handling connection for 8081
Handling connection for 8081
Handling connection for 8081
Handling connection for 8081
Handling connection for 8081
Handling connection for 8081
Handling connection for 8081
Handling connection for 8081
Handling connection for 8081
Handling connection for 8081
Handling connection for 8081
Handling connection for 8081
Handling connection for 8081
Handling connection for 8081
Handling connection for 8081
Handling connection for 8081
Handling connection for 8081
Handling connection for 8081
